[2025-04-12T08:03:56.135816+02:00] nombre_del_logger.WARNING: ¡Este es un mensaje de advertencia! [] []
[2025-04-12T08:03:56.263802+02:00] nombre_del_logger.ERROR: ¡Este es un error! [] []
[2025-04-12T08:06:08.623558+02:00] nombre_del_logger.WARNING: ¡Este es un mensaje de advertencia! [] []
[2025-04-12T08:06:08.626837+02:00] nombre_del_logger.ERROR: ¡Este es un error! [] []
[2025-04-12T08:08:04.695208+02:00] nombre_del_logger.WARNING: ¡Este es un mensaje de advertencia! [] []
[2025-04-12T08:08:04.697301+02:00] nombre_del_logger.ERROR: ¡Este es un error! [] []
[2025-04-12T08:08:08.607015+02:00] nombre_del_logger.WARNING: ¡Este es un mensaje de advertencia! [] []
[2025-04-12T08:08:08.615775+02:00] nombre_del_logger.ERROR: ¡Este es un error! [] []
[2025-04-12T08:08:36.529479+02:00] nombre_del_logger.WARNING: ¡Este es un mensaje de advertencia! [] []
[2025-04-12T08:08:36.532138+02:00] nombre_del_logger.ERROR: ¡Este es un error! [] []
[2025-04-12T08:08:54.550904+02:00] nombre_del_logger.WARNING: ¡Este es un mensaje de advertencia! [] []
[2025-04-12T08:08:54.554214+02:00] nombre_del_logger.ERROR: ¡Este es un error! [] []
[2025-04-12T08:09:18.321041+02:00] myLogg.WARNING: ¡Este es un mensaje de advertencia! [] []
[2025-04-12T08:09:18.323321+02:00] myLogg.ERROR: ¡Este es un error! [] []
[2025-04-12T09:47:06.382697+02:00] myAppLogger.INFO: Llamando a GetAllPay [] []
[2025-06-23T08:27:46.298854+00:00] myAppLogger.ERROR: Error al enviar datos a la API externa {"error":"cURL error 60: SSL certificate problem: unable to get local issuer certificate (see https://curl.haxx.se/libcurl/c/libcurl-errors.html) for https://appredpayapiclientmxdev.azurewebsites.net/api/transaction/response/8698209","data":[],"itemPago":null} []
[2025-06-23T08:37:32.597164+00:00] myAppLogger.INFO: Webhook recibido: Método: POST, URI: http://localhost:8001/api/webhook/redpay?id=8698212 [] []
[2025-06-23T08:37:32.598910+00:00] myAppLogger.INFO: Cuerpo JSON recibido: APIKey=446666a8-e629-4830-a4ff-4bf010c0b989&ReferenceNumber=b62466e5-84ce-4468-bf69-a12556b178ac&Currency=MXN&Amount=2000&TransactionNumber=8698212&ResponseCode=002&Status=Accepted&PaymentMethodId=10&UrlRedirect=http%3A%2F%2Flocalhost%3A8001%2Fapi%2Fwebhook%2Fredpay%3Fid%3D8698212&AuthCode=123456&TransactionCode=94e36ba1-3148-4&Email=jrodriguez%40redcompanies.com.mx [] []
[2025-06-23T08:42:49.512591+00:00] myAppLogger.INFO: Webhook recibido: Método: POST, URI: http://localhost:8001/api/webhook/redpay?id=8698213 [] []
[2025-06-23T08:42:49.514150+00:00] myAppLogger.INFO: Cuerpo JSON recibido: APIKey=446666a8-e629-4830-a4ff-4bf010c0b989&ReferenceNumber=61731d74-89f4-4ea2-8bb5-ccd838f3368c&Currency=MXN&Amount=2000&TransactionNumber=8698213&ResponseCode=002&Status=Accepted&PaymentMethodId=10&UrlRedirect=http%3A%2F%2Flocalhost%3A8001%2Fapi%2Fwebhook%2Fredpay%3Fid%3D8698213&AuthCode=123456&TransactionCode=dca5a243-2b0a-4&Email=jrodriguez%40redcompanies.com.mx [] []
[2025-06-23T08:42:49.515216+00:00] myAppLogger.ERROR: Error procesando el webhook: El cuerpo del request no contiene un JSON válido. {"trace":"#0 D:\\Respaldo\\J053\\Documents\\Visual Studio 2010\\Projects\\TehJoseTestApp\\vendor\\clue\\framework-x\\src\\Io\\RouteHandler.php(102): AppPHP\\RedPay\\Controllers\\WebHookController->redpay(Object(React\\Http\\Message\\ServerRequest))\n#1 D:\\Respaldo\\J053\\Documents\\Visual Studio 2010\\Projects\\TehJoseTestApp\\vendor\\clue\\framework-x\\src\\ErrorHandler.php(36): FrameworkX\\Io\\RouteHandler->__invoke(Object(React\\Http\\Message\\ServerRequest))\n#2 D:\\Respaldo\\J053\\Documents\\Visual Studio 2010\\Projects\\TehJoseTestApp\\vendor\\clue\\framework-x\\src\\Io\\MiddlewareHandler.php(33): FrameworkX\\ErrorHandler->__invoke(Object(React\\Http\\Message\\ServerRequest), Object(FrameworkX\\Io\\RouteHandler))\n#3 D:\\Respaldo\\J053\\Documents\\Visual Studio 2010\\Projects\\TehJoseTestApp\\vendor\\clue\\framework-x\\src\\Io\\MiddlewareHandler.php(37): FrameworkX\\Io\\MiddlewareHandler->call(Object(React\\Http\\Message\\ServerRequest), 1)\n#4 D:\\Respaldo\\J053\\Documents\\Visual Studio 2010\\Projects\\TehJoseTestApp\\vendor\\clue\\framework-x\\src\\AccessLogHandler.php(67): FrameworkX\\Io\\MiddlewareHandler->{closure:FrameworkX\\Io\\MiddlewareHandler::call():36}(Object(React\\Http\\Message\\ServerRequest))\n#5 D:\\Respaldo\\J053\\Documents\\Visual Studio 2010\\Projects\\TehJoseTestApp\\vendor\\clue\\framework-x\\src\\Io\\MiddlewareHandler.php(36): FrameworkX\\AccessLogHandler->__invoke(Object(React\\Http\\Message\\ServerRequest), Object(Closure))\n#6 D:\\Respaldo\\J053\\Documents\\Visual Studio 2010\\Projects\\TehJoseTestApp\\vendor\\clue\\framework-x\\src\\Io\\MiddlewareHandler.php(26): FrameworkX\\Io\\MiddlewareHandler->call(Object(React\\Http\\Message\\ServerRequest), 0)\n#7 D:\\Respaldo\\J053\\Documents\\Visual Studio 2010\\Projects\\TehJoseTestApp\\vendor\\clue\\framework-x\\src\\App.php(310): FrameworkX\\Io\\MiddlewareHandler->__invoke(Object(React\\Http\\Message\\ServerRequest))\n#8 D:\\Respaldo\\J053\\Documents\\Visual Studio 2010\\Projects\\TehJoseTestApp\\vendor\\clue\\framework-x\\src\\Io\\SapiHandler.php(32): FrameworkX\\App->handleRequest(Object(React\\Http\\Message\\ServerRequest))\n#9 D:\\Respaldo\\J053\\Documents\\Visual Studio 2010\\Projects\\TehJoseTestApp\\vendor\\clue\\framework-x\\src\\App.php(248): FrameworkX\\Io\\SapiHandler->run(Object(Closure))\n#10 D:\\Respaldo\\J053\\Documents\\Visual Studio 2010\\Projects\\TehJoseTestApp\\index.php(21): FrameworkX\\App->run()\n#11 {main}","id":0,"requestPayload":null,"transactionNumber":null} []
[2025-06-23T08:45:43.089147+00:00] myAppLogger.INFO: Webhook recibido: Método: POST, URI: http://localhost:8001/api/webhook/redpay?id=8698214 [] []
[2025-06-23T08:45:43.090735+00:00] myAppLogger.INFO: Número de transacción determinado: 8698214 [] []
[2025-06-23T08:47:11.233921+00:00] myAppLogger.INFO: Webhook recibido: Método: POST, URI: http://localhost:8001/api/webhook/redpay?id=8698214 [] []
[2025-06-23T08:47:11.235122+00:00] myAppLogger.INFO: Número de transacción determinado: 8698214 [] []
[2025-06-23T08:47:21.512636+00:00] myAppLogger.INFO: Webhook recibido: Método: POST, URI: http://localhost:8001/api/webhook/redpay?id=8698214 [] []
[2025-06-23T08:47:21.513334+00:00] myAppLogger.INFO: Número de transacción determinado: 8698214 [] []
[2025-06-23T08:47:29.678242+00:00] myAppLogger.INFO: Webhook recibido: Método: GET, URI: http://localhost:8001/api/webhook/redpay?id=8698214 [] []
[2025-06-23T08:47:29.678925+00:00] myAppLogger.INFO: Parámetros GET recibidos: {"id":"8698214"} [] []
[2025-06-23T08:47:29.851062+00:00] myAppLogger.ERROR: Error al enviar datos a la API externa {"error":"cURL error 60: SSL certificate problem: unable to get local issuer certificate (see https://curl.haxx.se/libcurl/c/libcurl-errors.html) for https://appredpayapiclientmxdev.azurewebsites.net/api/transaction/response/8698214","data":[],"itemPago":null} []
[2025-06-23T08:47:29.851540+00:00] myAppLogger.INFO: Número de transacción determinado: 8698214 [] []
[2025-06-23T08:47:38.617436+00:00] myAppLogger.INFO: Webhook recibido: Método: GET, URI: http://localhost:8001/api/webhook/redpay?id=8698214 [] []
[2025-06-23T08:47:38.618158+00:00] myAppLogger.INFO: Parámetros GET recibidos: {"id":"8698214"} [] []
[2025-06-23T08:47:38.760568+00:00] myAppLogger.ERROR: Error al enviar datos a la API externa {"error":"cURL error 60: SSL certificate problem: unable to get local issuer certificate (see https://curl.haxx.se/libcurl/c/libcurl-errors.html) for https://appredpayapiclientmxdev.azurewebsites.net/api/transaction/response/8698214","data":[],"itemPago":null} []
[2025-06-23T08:47:38.760887+00:00] myAppLogger.INFO: Número de transacción determinado: 8698214 [] []
[2025-06-23T08:51:31.072761+00:00] myAppLogger.INFO: Webhook recibido: Método: GET, URI: http://localhost:8001/api/webhook/redpay?id=8698214 [] []
[2025-06-23T08:51:31.074558+00:00] myAppLogger.INFO: Parámetros GET recibidos: {"id":"8698214"} [] []
[2025-06-23T08:51:31.077137+00:00] myAppLogger.INFO: Obteniendo pago de la API con ID: 8698214 {"settings":{"AppPHP\\RedPay\\Models\\ApiHostModel":{"url":"https://appredpayapiclientmxdev.azurewebsites.net/api/transaction/response/8698214","base64Credentials":"NDQ2NjY2YTgtZTYyOS00ODMwLWE0ZmYtNGJmMDEwYzBiOTg5OmNtOUU4QiE0ZkM=","acction":"GET"}}} []
[2025-06-23T08:51:31.245998+00:00] myAppLogger.ERROR: Error al enviar datos a la API externa {"error":"cURL error 60: SSL certificate problem: unable to get local issuer certificate (see https://curl.haxx.se/libcurl/c/libcurl-errors.html) for https://appredpayapiclientmxdev.azurewebsites.net/api/transaction/response/8698214","data":[],"itemPago":null} []
[2025-06-23T08:51:31.246457+00:00] myAppLogger.INFO: Número de transacción determinado: 8698214 [] []
[2025-06-23T16:37:01.970152+00:00] myAppLogger.INFO: Webhook recibido: Método: POST, URI: http://localhost:8001/api/webhook/redpay?id=8698224 [] []
[2025-06-23T16:37:01.974254+00:00] myAppLogger.INFO: Número de transacción determinado: 8698224 [] []
[2025-06-23T16:41:20.595034+00:00] myAppLogger.INFO: Webhook recibido: Método: POST, URI: http://localhost:8001/api/webhook/redpay?id=8698225 [] []
[2025-06-23T16:41:20.597132+00:00] myAppLogger.INFO: Número de transacción determinado: 8698225 [] []
[2025-06-23T16:42:33.574409+00:00] myAppLogger.INFO: Webhook recibido: Método: POST, URI: http://localhost:8001/api/webhook/redpay?id=8698227 [] []
[2025-06-23T16:42:33.575402+00:00] myAppLogger.INFO: Cuerpo del POST recibido: APIKey=446666a8-e629-4830-a4ff-4bf010c0b989&ReferenceNumber=9e9bb5e0-005a-452f-88bb-5e14114d178a&Currency=MXN&Amount=2000&TransactionNumber=8698227&ResponseCode=002&Status=Accepted&PaymentMethodId=10&UrlRedirect=http%3A%2F%2Flocalhost%3A8001%2Fapi%2Fwebhook%2Fredpay%3Fid%3D8698227&AuthCode=123456&TransactionCode=fbdd5bab-4827-4&Email=jrodriguez%40redcompanies.com.mx [] []
[2025-06-23T16:42:33.575539+00:00] myAppLogger.INFO: Tipo de contenido del POST: application/x-www-form-urlencoded [] []
[2025-06-23T16:42:33.575652+00:00] myAppLogger.INFO: Procesando cuerpo como formulario URL-encoded. [] []
[2025-06-23T16:42:33.575794+00:00] myAppLogger.INFO: Número de transacción determinado: 8698227 [] []
[2025-06-23T16:44:12.706595+00:00] myAppLogger.INFO: Webhook recibido: Método: POST, URI: http://localhost:8001/api/webhook/redpay?id=8698228 [] []
[2025-06-23T16:44:12.708217+00:00] myAppLogger.INFO: Cuerpo del POST recibido: APIKey=446666a8-e629-4830-a4ff-4bf010c0b989&ReferenceNumber=40f0651b-37af-464b-9e30-bda3da8327d7&Currency=MXN&Amount=2000&TransactionNumber=8698228&ResponseCode=002&Status=Accepted&PaymentMethodId=10&UrlRedirect=http%3A%2F%2Flocalhost%3A8001%2Fapi%2Fwebhook%2Fredpay%3Fid%3D8698228&AuthCode=123456&TransactionCode=25f1698a-e64c-4&Email=jrodriguez%40redcompanies.com.mx [] []
[2025-06-23T16:44:12.708404+00:00] myAppLogger.INFO: Tipo de contenido del POST: application/x-www-form-urlencoded [] []
[2025-06-23T16:44:12.708594+00:00] myAppLogger.INFO: Procesando cuerpo como formulario URL-encoded. [] []
[2025-06-23T16:44:12.708778+00:00] myAppLogger.INFO: Número de transacción determinado: 8698228 [] []
[2025-06-23T16:45:42.014626+00:00] myAppLogger.INFO: Webhook recibido: Método: POST, URI: http://localhost:8001/api/webhook/redpay?id=8698229 [] []
[2025-06-23T16:45:42.015927+00:00] myAppLogger.INFO: Cuerpo del POST recibido: APIKey=446666a8-e629-4830-a4ff-4bf010c0b989&ReferenceNumber=d5ebf44a-9021-4c49-a26a-d18c726df42a&Currency=MXN&Amount=2000&TransactionNumber=8698229&ResponseCode=002&Status=Accepted&PaymentMethodId=10&UrlRedirect=http%3A%2F%2Flocalhost%3A8001%2Fapi%2Fwebhook%2Fredpay%3Fid%3D8698229&AuthCode=123456&TransactionCode=ec98b386-a0cd-4&Email=jrodriguez%40redcompanies.com.mx [] []
[2025-06-23T16:45:42.016308+00:00] myAppLogger.INFO: Tipo de contenido del POST: application/x-www-form-urlencoded [] []
[2025-06-23T16:45:42.016625+00:00] myAppLogger.INFO: Procesando cuerpo como formulario URL-encoded. [] []
[2025-06-23T16:45:42.016830+00:00] myAppLogger.INFO: Carga útil normalizada del webhook: {"apikey":"446666a8-e629-4830-a4ff-4bf010c0b989","referencenumber":"d5ebf44a-9021-4c49-a26a-d18c726df42a","currency":"MXN","amount":"2000","transactionnumber":"8698229","responsecode":"002","status":"Accepted","paymentmethodid":"10","urlredirect":"http:\/\/localhost:8001\/api\/webhook\/redpay?id=8698229","authcode":"123456","transactioncode":"ec98b386-a0cd-4","email":"jrodriguez@redcompanies.com.mx"} [] []
[2025-06-23T16:45:42.017021+00:00] myAppLogger.INFO: Datos normalizados de la API: null [] []
[2025-06-23T16:45:42.017143+00:00] myAppLogger.INFO: Número de transacción encontrado en la carga útil del webhook. [] []
[2025-06-23T16:45:42.017284+00:00] myAppLogger.INFO: Número de transacción determinado: 8698229 [] []
[2025-06-23T17:13:50.609429+00:00] myAppLogger.INFO: Webhook recibido: Método: POST, URI: http://localhost:8001/api/webhook/redpay?id=8698232 [] []
[2025-06-23T17:13:50.612203+00:00] myAppLogger.INFO: Cuerpo del POST recibido: APIKey=446666a8-e629-4830-a4ff-4bf010c0b989&ReferenceNumber=c4096885-72e4-4501-b8dd-fcb76bd51643&Currency=MXN&Amount=2000&TransactionNumber=8698232&ResponseCode=002&Status=Accepted&PaymentMethodId=10&UrlRedirect=http%3A%2F%2Flocalhost%3A8001%2Fapi%2Fwebhook%2Fredpay%3Fid%3D8698232&AuthCode=123456&TransactionCode=432319c6-07d2-4&Email=jrodriguez%40redcompanies.com.mx [] []
[2025-06-23T17:13:50.612410+00:00] myAppLogger.INFO: Tipo de contenido del POST: application/x-www-form-urlencoded [] []
[2025-06-23T17:13:50.613022+00:00] myAppLogger.INFO: Procesando cuerpo como formulario URL-encoded. [] []
[2025-06-23T17:13:50.613282+00:00] myAppLogger.INFO: Carga útil normalizada del webhook: {"apikey":"446666a8-e629-4830-a4ff-4bf010c0b989","referencenumber":"c4096885-72e4-4501-b8dd-fcb76bd51643","currency":"MXN","amount":"2000","transactionnumber":"8698232","responsecode":"002","status":"Accepted","paymentmethodid":"10","urlredirect":"http:\/\/localhost:8001\/api\/webhook\/redpay?id=8698232","authcode":"123456","transactioncode":"432319c6-07d2-4","email":"jrodriguez@redcompanies.com.mx"} [] []
[2025-06-23T17:13:50.613620+00:00] myAppLogger.INFO: Datos normalizados de la API: null [] []
[2025-06-23T17:13:50.613801+00:00] myAppLogger.INFO: Número de transacción encontrado en la carga útil del webhook.8698232 [] []
[2025-06-23T17:13:50.613976+00:00] myAppLogger.INFO: Número de transacción determinado: 8698232 [] []
[2025-06-23T17:19:23.359832+00:00] myAppLogger.INFO: Webhook recibido: Método: POST, URI: http://localhost:8001/api/webhook/redpay?id=8698232 [] []
[2025-06-23T17:19:23.361585+00:00] myAppLogger.INFO: Cuerpo del POST recibido: APIKey=446666a8-e629-4830-a4ff-4bf010c0b989&ReferenceNumber=c4096885-72e4-4501-b8dd-fcb76bd51643&Currency=MXN&Amount=2000&TransactionNumber=8698232&ResponseCode=002&Status=Accepted&PaymentMethodId=10&UrlRedirect=http%3A%2F%2Flocalhost%3A8001%2Fapi%2Fwebhook%2Fredpay%3Fid%3D8698232&AuthCode=123456&TransactionCode=432319c6-07d2-4&Email=jrodriguez%40redcompanies.com.mx [] []
[2025-06-23T17:19:23.361735+00:00] myAppLogger.INFO: Tipo de contenido del POST: application/x-www-form-urlencoded [] []
[2025-06-23T17:19:23.361867+00:00] myAppLogger.INFO: Procesando cuerpo como formulario URL-encoded. [] []
[2025-06-23T17:19:23.362027+00:00] myAppLogger.INFO: Carga útil normalizada del webhook: {"apikey":"446666a8-e629-4830-a4ff-4bf010c0b989","referencenumber":"c4096885-72e4-4501-b8dd-fcb76bd51643","currency":"MXN","amount":"2000","transactionnumber":"8698232","responsecode":"002","status":"Accepted","paymentmethodid":"10","urlredirect":"http:\/\/localhost:8001\/api\/webhook\/redpay?id=8698232","authcode":"123456","transactioncode":"432319c6-07d2-4","email":"jrodriguez@redcompanies.com.mx"} [] []
[2025-06-23T17:19:23.362168+00:00] myAppLogger.INFO: Datos normalizados de la API: null [] []
[2025-06-23T17:19:23.362295+00:00] myAppLogger.INFO: Número de transacción encontrado en la carga útil del webhook.8698232 [] []
[2025-06-23T17:19:23.362421+00:00] myAppLogger.INFO: Número de transacción determinado: 8698232 [] []
[2025-06-23T17:20:06.141547+00:00] myAppLogger.INFO: Webhook recibido: Método: POST, URI: http://localhost:8001/api/webhook/redpay?id=8698232 [] []
[2025-06-23T17:20:06.142344+00:00] myAppLogger.INFO: Cuerpo del POST recibido: APIKey=446666a8-e629-4830-a4ff-4bf010c0b989&ReferenceNumber=c4096885-72e4-4501-b8dd-fcb76bd51643&Currency=MXN&Amount=2000&TransactionNumber=8698232&ResponseCode=002&Status=Accepted&PaymentMethodId=10&UrlRedirect=http%3A%2F%2Flocalhost%3A8001%2Fapi%2Fwebhook%2Fredpay%3Fid%3D8698232&AuthCode=123456&TransactionCode=432319c6-07d2-4&Email=jrodriguez%40redcompanies.com.mx [] []
[2025-06-23T17:20:06.142531+00:00] myAppLogger.INFO: Tipo de contenido del POST: application/x-www-form-urlencoded [] []
[2025-06-23T17:20:06.142706+00:00] myAppLogger.INFO: Procesando cuerpo como formulario URL-encoded. [] []
[2025-06-23T17:20:06.142884+00:00] myAppLogger.INFO: Carga útil normalizada del webhook: {"apikey":"446666a8-e629-4830-a4ff-4bf010c0b989","referencenumber":"c4096885-72e4-4501-b8dd-fcb76bd51643","currency":"MXN","amount":"2000","transactionnumber":"8698232","responsecode":"002","status":"Accepted","paymentmethodid":"10","urlredirect":"http:\/\/localhost:8001\/api\/webhook\/redpay?id=8698232","authcode":"123456","transactioncode":"432319c6-07d2-4","email":"jrodriguez@redcompanies.com.mx"} [] []
[2025-06-23T17:20:06.143011+00:00] myAppLogger.INFO: Datos normalizados de la API: null [] []
[2025-06-23T17:20:06.143119+00:00] myAppLogger.INFO: Número de transacción encontrado en la carga útil del webhook.8698232 [] []
[2025-06-23T17:20:06.143226+00:00] myAppLogger.INFO: Número de transacción determinado: 8698232 [] []
[2025-06-23T17:20:06.143427+00:00] myAppLogger.INFO: Creando registro de webhook: {"idTransaction":8698232,"logWebhook":{"apikey":"446666a8-e629-4830-a4ff-4bf010c0b989","referencenumber":"c4096885-72e4-4501-b8dd-fcb76bd51643","currency":"MXN","amount":"2000","transactionnumber":"8698232","responsecode":"002","status":"Accepted","paymentmethodid":"10","urlredirect":"http:\/\/localhost:8001\/api\/webhook\/redpay?id=8698232","authcode":"123456","transactioncode":"432319c6-07d2-4","email":"jrodriguez@redcompanies.com.mx"},"typeRequest":"POST","date":"2025-06-23 17:20:06","idWebhookLog":null} [] []
[2025-06-23T17:21:24.681510+00:00] myAppLogger.INFO: Webhook recibido: Método: POST, URI: http://localhost:8001/api/webhook/redpay?id=8698232 [] []
[2025-06-23T17:21:24.683533+00:00] myAppLogger.INFO: Cuerpo del POST recibido: APIKey=446666a8-e629-4830-a4ff-4bf010c0b989&ReferenceNumber=c4096885-72e4-4501-b8dd-fcb76bd51643&Currency=MXN&Amount=2000&TransactionNumber=8698232&ResponseCode=002&Status=Accepted&PaymentMethodId=10&UrlRedirect=http%3A%2F%2Flocalhost%3A8001%2Fapi%2Fwebhook%2Fredpay%3Fid%3D8698232&AuthCode=123456&TransactionCode=432319c6-07d2-4&Email=jrodriguez%40redcompanies.com.mx [] []
[2025-06-23T17:21:24.683718+00:00] myAppLogger.INFO: Tipo de contenido del POST: application/x-www-form-urlencoded [] []
[2025-06-23T17:21:24.683904+00:00] myAppLogger.INFO: Procesando cuerpo como formulario URL-encoded. [] []
[2025-06-23T17:21:24.684224+00:00] myAppLogger.INFO: Carga útil normalizada del webhook: {"apikey":"446666a8-e629-4830-a4ff-4bf010c0b989","referencenumber":"c4096885-72e4-4501-b8dd-fcb76bd51643","currency":"MXN","amount":"2000","transactionnumber":"8698232","responsecode":"002","status":"Accepted","paymentmethodid":"10","urlredirect":"http:\/\/localhost:8001\/api\/webhook\/redpay?id=8698232","authcode":"123456","transactioncode":"432319c6-07d2-4","email":"jrodriguez@redcompanies.com.mx"} [] []
[2025-06-23T17:21:24.684370+00:00] myAppLogger.INFO: Datos normalizados de la API: null [] []
[2025-06-23T17:21:24.684486+00:00] myAppLogger.INFO: Número de transacción encontrado en la carga útil del webhook.8698232 [] []
[2025-06-23T17:21:24.684601+00:00] myAppLogger.INFO: Número de transacción determinado: 8698232 [] []
[2025-06-23T17:21:24.685418+00:00] myAppLogger.INFO: Creando registro de webhook: {"idTransaction":8698232,"logWebhook":{"apikey":"446666a8-e629-4830-a4ff-4bf010c0b989","referencenumber":"c4096885-72e4-4501-b8dd-fcb76bd51643","currency":"MXN","amount":"2000","transactionnumber":"8698232","responsecode":"002","status":"Accepted","paymentmethodid":"10","urlredirect":"http:\/\/localhost:8001\/api\/webhook\/redpay?id=8698232","authcode":"123456","transactioncode":"432319c6-07d2-4","email":"jrodriguez@redcompanies.com.mx"},"typeRequest":"POST","date":"2025-06-23 17:21:24","idWebhookLog":null} [] []
[2025-06-23T17:22:50.240489+00:00] myAppLogger.INFO: Webhook recibido: Método: POST, URI: http://localhost:8001/api/webhook/redpay?id=8698232 [] []
[2025-06-23T17:22:50.241275+00:00] myAppLogger.INFO: Cuerpo del POST recibido: APIKey=446666a8-e629-4830-a4ff-4bf010c0b989&ReferenceNumber=c4096885-72e4-4501-b8dd-fcb76bd51643&Currency=MXN&Amount=2000&TransactionNumber=8698232&ResponseCode=002&Status=Accepted&PaymentMethodId=10&UrlRedirect=http%3A%2F%2Flocalhost%3A8001%2Fapi%2Fwebhook%2Fredpay%3Fid%3D8698232&AuthCode=123456&TransactionCode=432319c6-07d2-4&Email=jrodriguez%40redcompanies.com.mx [] []
[2025-06-23T17:22:50.241410+00:00] myAppLogger.INFO: Tipo de contenido del POST: application/x-www-form-urlencoded [] []
[2025-06-23T17:22:50.241532+00:00] myAppLogger.INFO: Procesando cuerpo como formulario URL-encoded. [] []
[2025-06-23T17:22:50.241676+00:00] myAppLogger.INFO: Carga útil normalizada del webhook: {"apikey":"446666a8-e629-4830-a4ff-4bf010c0b989","referencenumber":"c4096885-72e4-4501-b8dd-fcb76bd51643","currency":"MXN","amount":"2000","transactionnumber":"8698232","responsecode":"002","status":"Accepted","paymentmethodid":"10","urlredirect":"http:\/\/localhost:8001\/api\/webhook\/redpay?id=8698232","authcode":"123456","transactioncode":"432319c6-07d2-4","email":"jrodriguez@redcompanies.com.mx"} [] []
[2025-06-23T17:22:50.241789+00:00] myAppLogger.INFO: Datos normalizados de la API: null [] []
[2025-06-23T17:22:50.241896+00:00] myAppLogger.INFO: Número de transacción encontrado en la carga útil del webhook.8698232 [] []
[2025-06-23T17:22:50.242003+00:00] myAppLogger.INFO: Número de transacción determinado: 8698232 [] []
[2025-06-23T17:22:50.242209+00:00] myAppLogger.INFO: Creando registro de webhook: {"idTransaction":8698232,"logWebhook":{"apikey":"446666a8-e629-4830-a4ff-4bf010c0b989","referencenumber":"c4096885-72e4-4501-b8dd-fcb76bd51643","currency":"MXN","amount":"2000","transactionnumber":"8698232","responsecode":"002","status":"Accepted","paymentmethodid":"10","urlredirect":"http:\/\/localhost:8001\/api\/webhook\/redpay?id=8698232","authcode":"123456","transactioncode":"432319c6-07d2-4","email":"jrodriguez@redcompanies.com.mx"},"typeRequest":"POST","date":"2025-06-23 17:22:50","idWebhookLog":null} [] []
[2025-06-23T17:23:45.018283+00:00] myAppLogger.INFO: Webhook recibido: Método: POST, URI: http://localhost:8001/api/webhook/redpay?id=8698232 [] []
[2025-06-23T17:23:45.020372+00:00] myAppLogger.INFO: Cuerpo del POST recibido: APIKey=446666a8-e629-4830-a4ff-4bf010c0b989&ReferenceNumber=c4096885-72e4-4501-b8dd-fcb76bd51643&Currency=MXN&Amount=2000&TransactionNumber=8698232&ResponseCode=002&Status=Accepted&PaymentMethodId=10&UrlRedirect=http%3A%2F%2Flocalhost%3A8001%2Fapi%2Fwebhook%2Fredpay%3Fid%3D8698232&AuthCode=123456&TransactionCode=432319c6-07d2-4&Email=jrodriguez%40redcompanies.com.mx [] []
[2025-06-23T17:23:45.020580+00:00] myAppLogger.INFO: Tipo de contenido del POST: application/x-www-form-urlencoded [] []
[2025-06-23T17:23:45.020745+00:00] myAppLogger.INFO: Procesando cuerpo como formulario URL-encoded. [] []
[2025-06-23T17:23:45.020948+00:00] myAppLogger.INFO: Carga útil normalizada del webhook: {"apikey":"446666a8-e629-4830-a4ff-4bf010c0b989","referencenumber":"c4096885-72e4-4501-b8dd-fcb76bd51643","currency":"MXN","amount":"2000","transactionnumber":"8698232","responsecode":"002","status":"Accepted","paymentmethodid":"10","urlredirect":"http:\/\/localhost:8001\/api\/webhook\/redpay?id=8698232","authcode":"123456","transactioncode":"432319c6-07d2-4","email":"jrodriguez@redcompanies.com.mx"} [] []
[2025-06-23T17:23:45.021118+00:00] myAppLogger.INFO: Datos normalizados de la API: null [] []
[2025-06-23T17:23:45.021275+00:00] myAppLogger.INFO: Número de transacción encontrado en la carga útil del webhook.8698232 [] []
[2025-06-23T17:23:45.021436+00:00] myAppLogger.INFO: Número de transacción determinado: 8698232 [] []
[2025-06-23T17:23:45.022210+00:00] myAppLogger.INFO: Creando registro de webhook: {"idTransaction":8698232,"logWebhook":{"apikey":"446666a8-e629-4830-a4ff-4bf010c0b989","referencenumber":"c4096885-72e4-4501-b8dd-fcb76bd51643","currency":"MXN","amount":"2000","transactionnumber":"8698232","responsecode":"002","status":"Accepted","paymentmethodid":"10","urlredirect":"http:\/\/localhost:8001\/api\/webhook\/redpay?id=8698232","authcode":"123456","transactioncode":"432319c6-07d2-4","email":"jrodriguez@redcompanies.com.mx"},"typeRequest":"POST","date":"2025-06-23 17:23:45","idWebhookLog":null} [] []
[2025-06-23T17:23:45.023096+00:00] myAppLogger.ERROR: Result de creación.true [] []
[2025-06-23T17:26:15.947881+00:00] myAppLogger.INFO: Webhook recibido: Método: POST, URI: http://localhost:8001/api/webhook/redpay?id=8698232 [] []
[2025-06-23T17:26:15.949946+00:00] myAppLogger.INFO: Cuerpo del POST recibido: APIKey=446666a8-e629-4830-a4ff-4bf010c0b989&ReferenceNumber=c4096885-72e4-4501-b8dd-fcb76bd51643&Currency=MXN&Amount=2000&TransactionNumber=8698232&ResponseCode=002&Status=Accepted&PaymentMethodId=10&UrlRedirect=http%3A%2F%2Flocalhost%3A8001%2Fapi%2Fwebhook%2Fredpay%3Fid%3D8698232&AuthCode=123456&TransactionCode=432319c6-07d2-4&Email=jrodriguez%40redcompanies.com.mx [] []
[2025-06-23T17:26:15.950161+00:00] myAppLogger.INFO: Tipo de contenido del POST: application/x-www-form-urlencoded [] []
[2025-06-23T17:26:15.950311+00:00] myAppLogger.INFO: Procesando cuerpo como formulario URL-encoded. [] []
[2025-06-23T17:26:15.950483+00:00] myAppLogger.INFO: Carga útil normalizada del webhook: {"apikey":"446666a8-e629-4830-a4ff-4bf010c0b989","referencenumber":"c4096885-72e4-4501-b8dd-fcb76bd51643","currency":"MXN","amount":"2000","transactionnumber":"8698232","responsecode":"002","status":"Accepted","paymentmethodid":"10","urlredirect":"http:\/\/localhost:8001\/api\/webhook\/redpay?id=8698232","authcode":"123456","transactioncode":"432319c6-07d2-4","email":"jrodriguez@redcompanies.com.mx"} [] []
[2025-06-23T17:26:15.950615+00:00] myAppLogger.INFO: Datos normalizados de la API: null [] []
[2025-06-23T17:26:15.950751+00:00] myAppLogger.INFO: Número de transacción encontrado en la carga útil del webhook.8698232 [] []
[2025-06-23T17:26:15.950905+00:00] myAppLogger.INFO: Número de transacción determinado: 8698232 [] []
[2025-06-23T17:26:15.951648+00:00] myAppLogger.INFO: Creando registro de webhook: {"idTransaction":8698232,"logWebhook":{"apikey":"446666a8-e629-4830-a4ff-4bf010c0b989","referencenumber":"c4096885-72e4-4501-b8dd-fcb76bd51643","currency":"MXN","amount":"2000","transactionnumber":"8698232","responsecode":"002","status":"Accepted","paymentmethodid":"10","urlredirect":"http:\/\/localhost:8001\/api\/webhook\/redpay?id=8698232","authcode":"123456","transactioncode":"432319c6-07d2-4","email":"jrodriguez@redcompanies.com.mx"},"typeRequest":"POST","date":"2025-06-23 17:26:15","idWebhookLog":null} [] []
[2025-06-23T17:26:15.952566+00:00] myAppLogger.INFO: Result de creación.true [] []
[2025-06-23T17:35:22.019806+00:00] myAppLogger.INFO: Webhook recibido: Método: POST, URI: http://localhost:8001/api/webhook/redpay?id=8698232 [] []
[2025-06-23T17:35:22.021586+00:00] myAppLogger.INFO: Cuerpo del POST recibido: APIKey=446666a8-e629-4830-a4ff-4bf010c0b989&ReferenceNumber=c4096885-72e4-4501-b8dd-fcb76bd51643&Currency=MXN&Amount=2000&TransactionNumber=8698232&ResponseCode=002&Status=Accepted&PaymentMethodId=10&UrlRedirect=http%3A%2F%2Flocalhost%3A8001%2Fapi%2Fwebhook%2Fredpay%3Fid%3D8698232&AuthCode=123456&TransactionCode=432319c6-07d2-4&Email=jrodriguez%40redcompanies.com.mx [] []
[2025-06-23T17:35:22.021716+00:00] myAppLogger.INFO: Tipo de contenido del POST: application/x-www-form-urlencoded [] []
[2025-06-23T17:35:22.021827+00:00] myAppLogger.INFO: Procesando cuerpo como formulario URL-encoded. [] []
[2025-06-23T17:35:22.021964+00:00] myAppLogger.INFO: Carga útil normalizada del webhook: {"apikey":"446666a8-e629-4830-a4ff-4bf010c0b989","referencenumber":"c4096885-72e4-4501-b8dd-fcb76bd51643","currency":"MXN","amount":"2000","transactionnumber":"8698232","responsecode":"002","status":"Accepted","paymentmethodid":"10","urlredirect":"http:\/\/localhost:8001\/api\/webhook\/redpay?id=8698232","authcode":"123456","transactioncode":"432319c6-07d2-4","email":"jrodriguez@redcompanies.com.mx"} [] []
[2025-06-23T17:35:22.022196+00:00] myAppLogger.INFO: Datos normalizados de la API: null [] []
[2025-06-23T17:35:22.022328+00:00] myAppLogger.INFO: Número de transacción encontrado en la carga útil del webhook.8698232 [] []
[2025-06-23T17:35:22.022435+00:00] myAppLogger.INFO: Número de transacción determinado: 8698232 [] []
[2025-06-23T17:35:22.022874+00:00] myAppLogger.INFO: Creando registro de webhook: {"idTransaction":8698232,"logWebhook":{"apikey":"446666a8-e629-4830-a4ff-4bf010c0b989","referencenumber":"c4096885-72e4-4501-b8dd-fcb76bd51643","currency":"MXN","amount":"2000","transactionnumber":"8698232","responsecode":"002","status":"Accepted","paymentmethodid":"10","urlredirect":"http:\/\/localhost:8001\/api\/webhook\/redpay?id=8698232","authcode":"123456","transactioncode":"432319c6-07d2-4","email":"jrodriguez@redcompanies.com.mx"},"typeRequest":"POST","date":"2025-06-23 17:35:22","idWebhookLog":null} [] []
[2025-06-23T17:35:22.023667+00:00] myAppLogger.INFO: Result de creación.true [] []
[2025-06-23T19:25:06.115858+00:00] myAppLogger.INFO: Webhook recibido: Método: POST, URI: http://localhost:8001/api/webhook/redpay?id=8698232 [] []
[2025-06-23T19:25:06.117816+00:00] myAppLogger.INFO: Cuerpo del POST recibido: APIKey=446666a8-e629-4830-a4ff-4bf010c0b989&ReferenceNumber=c4096885-72e4-4501-b8dd-fcb76bd51643&Currency=MXN&Amount=2000&TransactionNumber=8698232&ResponseCode=002&Status=Accepted&PaymentMethodId=10&UrlRedirect=http%3A%2F%2Flocalhost%3A8001%2Fapi%2Fwebhook%2Fredpay%3Fid%3D8698232&AuthCode=123456&TransactionCode=432319c6-07d2-4&Email=jrodriguez%40redcompanies.com.mx [] []
[2025-06-23T19:25:06.117955+00:00] myAppLogger.INFO: Tipo de contenido del POST: application/x-www-form-urlencoded [] []
[2025-06-23T19:25:06.118101+00:00] myAppLogger.INFO: Procesando cuerpo como formulario URL-encoded. [] []
[2025-06-23T19:25:06.118336+00:00] myAppLogger.INFO: Carga útil normalizada del webhook: {"apikey":"446666a8-e629-4830-a4ff-4bf010c0b989","referencenumber":"c4096885-72e4-4501-b8dd-fcb76bd51643","currency":"MXN","amount":"2000","transactionnumber":"8698232","responsecode":"002","status":"Accepted","paymentmethodid":"10","urlredirect":"http:\/\/localhost:8001\/api\/webhook\/redpay?id=8698232","authcode":"123456","transactioncode":"432319c6-07d2-4","email":"jrodriguez@redcompanies.com.mx"} [] []
[2025-06-23T19:25:06.118455+00:00] myAppLogger.INFO: Datos normalizados de la API: null [] []
[2025-06-23T19:25:06.118570+00:00] myAppLogger.INFO: Número de transacción encontrado en la carga útil del webhook.8698232 [] []
[2025-06-23T19:25:06.118687+00:00] myAppLogger.INFO: Número de transacción determinado: 8698232 [] []
[2025-06-23T19:25:06.119194+00:00] myAppLogger.INFO: Creando registro de webhook: {"idTransaction":8698232,"logWebhook":{"apikey":"446666a8-e629-4830-a4ff-4bf010c0b989","referencenumber":"c4096885-72e4-4501-b8dd-fcb76bd51643","currency":"MXN","amount":"2000","transactionnumber":"8698232","responsecode":"002","status":"Accepted","paymentmethodid":"10","urlredirect":"http:\/\/localhost:8001\/api\/webhook\/redpay?id=8698232","authcode":"123456","transactioncode":"432319c6-07d2-4","email":"jrodriguez@redcompanies.com.mx"},"typeRequest":"POST","date":"2025-06-23 19:25:06","idWebhookLog":null} [] []
[2025-06-23T19:25:06.120369+00:00] myAppLogger.INFO: Result de creación.true [] []
[2025-06-23T19:27:37.977810+00:00] myAppLogger.INFO: Webhook recibido: Método: POST, URI: http://localhost:8001/api/webhook/redpay?id=8698232 [] []
[2025-06-23T19:27:37.980111+00:00] myAppLogger.INFO: Cuerpo del POST recibido: APIKey=446666a8-e629-4830-a4ff-4bf010c0b989&ReferenceNumber=c4096885-72e4-4501-b8dd-fcb76bd51643&Currency=MXN&Amount=2000&TransactionNumber=8698232&ResponseCode=002&Status=Accepted&PaymentMethodId=10&UrlRedirect=http%3A%2F%2Flocalhost%3A8001%2Fapi%2Fwebhook%2Fredpay%3Fid%3D8698232&AuthCode=123456&TransactionCode=432319c6-07d2-4&Email=jrodriguez%40redcompanies.com.mx [] []
[2025-06-23T19:27:37.980432+00:00] myAppLogger.INFO: Tipo de contenido del POST: application/x-www-form-urlencoded [] []
[2025-06-23T19:27:37.980602+00:00] myAppLogger.INFO: Procesando cuerpo como formulario URL-encoded. [] []
[2025-06-23T19:27:37.980809+00:00] myAppLogger.INFO: Carga útil normalizada del webhook: {"apikey":"446666a8-e629-4830-a4ff-4bf010c0b989","referencenumber":"c4096885-72e4-4501-b8dd-fcb76bd51643","currency":"MXN","amount":"2000","transactionnumber":"8698232","responsecode":"002","status":"Accepted","paymentmethodid":"10","urlredirect":"http:\/\/localhost:8001\/api\/webhook\/redpay?id=8698232","authcode":"123456","transactioncode":"432319c6-07d2-4","email":"jrodriguez@redcompanies.com.mx"} [] []
[2025-06-23T19:27:37.980936+00:00] myAppLogger.INFO: Datos normalizados de la API: null [] []
[2025-06-23T19:27:37.981076+00:00] myAppLogger.INFO: Número de transacción encontrado en la carga útil del webhook.8698232 [] []
[2025-06-23T19:27:37.981187+00:00] myAppLogger.INFO: Número de transacción determinado: 8698232 [] []
[2025-06-23T19:27:37.981734+00:00] myAppLogger.INFO: Creando registro de webhook: {"idTransaction":8698232,"logWebhook":{"apikey":"446666a8-e629-4830-a4ff-4bf010c0b989","referencenumber":"c4096885-72e4-4501-b8dd-fcb76bd51643","currency":"MXN","amount":"2000","transactionnumber":"8698232","responsecode":"002","status":"Accepted","paymentmethodid":"10","urlredirect":"http:\/\/localhost:8001\/api\/webhook\/redpay?id=8698232","authcode":"123456","transactioncode":"432319c6-07d2-4","email":"jrodriguez@redcompanies.com.mx"},"typeRequest":"POST","date":"2025-06-23 19:27:37","idWebhookLog":null} [] []
[2025-06-23T19:27:37.982599+00:00] myAppLogger.INFO: Result de creación.true [] []
[2025-06-23T19:29:07.748648+00:00] myAppLogger.INFO: Webhook recibido: Método: POST, URI: http://localhost:8001/api/webhook/redpay?id=8698232 [] []
[2025-06-23T19:29:07.749581+00:00] myAppLogger.INFO: Cuerpo del POST recibido: APIKey=446666a8-e629-4830-a4ff-4bf010c0b989&ReferenceNumber=c4096885-72e4-4501-b8dd-fcb76bd51643&Currency=MXN&Amount=2000&TransactionNumber=8698232&ResponseCode=002&Status=Accepted&PaymentMethodId=10&UrlRedirect=http%3A%2F%2Flocalhost%3A8001%2Fapi%2Fwebhook%2Fredpay%3Fid%3D8698232&AuthCode=123456&TransactionCode=432319c6-07d2-4&Email=jrodriguez%40redcompanies.com.mx [] []
[2025-06-23T19:29:07.749712+00:00] myAppLogger.INFO: Tipo de contenido del POST: application/x-www-form-urlencoded [] []
[2025-06-23T19:29:07.749823+00:00] myAppLogger.INFO: Procesando cuerpo como formulario URL-encoded. [] []
[2025-06-23T19:29:07.749975+00:00] myAppLogger.INFO: Carga útil normalizada del webhook: {"apikey":"446666a8-e629-4830-a4ff-4bf010c0b989","referencenumber":"c4096885-72e4-4501-b8dd-fcb76bd51643","currency":"MXN","amount":"2000","transactionnumber":"8698232","responsecode":"002","status":"Accepted","paymentmethodid":"10","urlredirect":"http:\/\/localhost:8001\/api\/webhook\/redpay?id=8698232","authcode":"123456","transactioncode":"432319c6-07d2-4","email":"jrodriguez@redcompanies.com.mx"} [] []
[2025-06-23T19:29:07.750169+00:00] myAppLogger.INFO: Datos normalizados de la API: null [] []
[2025-06-23T19:29:07.750324+00:00] myAppLogger.INFO: Número de transacción encontrado en la carga útil del webhook.8698232 [] []
[2025-06-23T19:29:07.750458+00:00] myAppLogger.INFO: Número de transacción determinado: 8698232 [] []
[2025-06-23T19:29:07.750914+00:00] myAppLogger.INFO: Creando registro de webhook: {"idTransaction":8698232,"logWebhook":{"apikey":"446666a8-e629-4830-a4ff-4bf010c0b989","referencenumber":"c4096885-72e4-4501-b8dd-fcb76bd51643","currency":"MXN","amount":"2000","transactionnumber":"8698232","responsecode":"002","status":"Accepted","paymentmethodid":"10","urlredirect":"http:\/\/localhost:8001\/api\/webhook\/redpay?id=8698232","authcode":"123456","transactioncode":"432319c6-07d2-4","email":"jrodriguez@redcompanies.com.mx"},"typeRequest":"POST","date":"2025-06-23 19:29:07","idWebhookLog":null} [] []
[2025-06-23T19:29:07.751976+00:00] myAppLogger.INFO: Result de creación.true [] []
[2025-06-23T19:30:24.770457+00:00] myAppLogger.INFO: Webhook recibido: Método: POST, URI: http://localhost:8001/api/webhook/redpay?id=8698232 [] []
[2025-06-23T19:30:24.771997+00:00] myAppLogger.INFO: Cuerpo del POST recibido: APIKey=446666a8-e629-4830-a4ff-4bf010c0b989&ReferenceNumber=c4096885-72e4-4501-b8dd-fcb76bd51643&Currency=MXN&Amount=2000&TransactionNumber=8698232&ResponseCode=002&Status=Accepted&PaymentMethodId=10&UrlRedirect=http%3A%2F%2Flocalhost%3A8001%2Fapi%2Fwebhook%2Fredpay%3Fid%3D8698232&AuthCode=123456&TransactionCode=432319c6-07d2-4&Email=jrodriguez%40redcompanies.com.mx [] []
[2025-06-23T19:30:24.772123+00:00] myAppLogger.INFO: Tipo de contenido del POST: application/x-www-form-urlencoded [] []
[2025-06-23T19:30:24.772244+00:00] myAppLogger.INFO: Procesando cuerpo como formulario URL-encoded. [] []
[2025-06-23T19:30:24.772408+00:00] myAppLogger.INFO: Carga útil normalizada del webhook: {"apikey":"446666a8-e629-4830-a4ff-4bf010c0b989","referencenumber":"c4096885-72e4-4501-b8dd-fcb76bd51643","currency":"MXN","amount":"2000","transactionnumber":"8698232","responsecode":"002","status":"Accepted","paymentmethodid":"10","urlredirect":"http:\/\/localhost:8001\/api\/webhook\/redpay?id=8698232","authcode":"123456","transactioncode":"432319c6-07d2-4","email":"jrodriguez@redcompanies.com.mx"} [] []
[2025-06-23T19:30:24.772587+00:00] myAppLogger.INFO: Datos normalizados de la API: null [] []
[2025-06-23T19:30:24.772697+00:00] myAppLogger.INFO: Número de transacción encontrado en la carga útil del webhook.8698232 [] []
[2025-06-23T19:30:24.772803+00:00] myAppLogger.INFO: Número de transacción determinado: 8698232 [] []
[2025-06-23T19:30:24.773261+00:00] myAppLogger.INFO: Creando registro de webhook: {"idTransaction":8698232,"logWebhook":{"apikey":"446666a8-e629-4830-a4ff-4bf010c0b989","referencenumber":"c4096885-72e4-4501-b8dd-fcb76bd51643","currency":"MXN","amount":"2000","transactionnumber":"8698232","responsecode":"002","status":"Accepted","paymentmethodid":"10","urlredirect":"http:\/\/localhost:8001\/api\/webhook\/redpay?id=8698232","authcode":"123456","transactioncode":"432319c6-07d2-4","email":"jrodriguez@redcompanies.com.mx"},"typeRequest":"POST","date":"2025-06-23 19:30:24","idWebhookLog":null} [] []
[2025-06-23T19:30:24.773983+00:00] myAppLogger.INFO: Result de creación.true [] []
[2025-06-23T19:31:28.009307+00:00] myAppLogger.INFO: Webhook recibido: Método: POST, URI: http://localhost:8001/api/webhook/redpay?id=8698232 [] []
[2025-06-23T19:31:28.010087+00:00] myAppLogger.INFO: Cuerpo del POST recibido: APIKey=446666a8-e629-4830-a4ff-4bf010c0b989&ReferenceNumber=c4096885-72e4-4501-b8dd-fcb76bd51643&Currency=MXN&Amount=2000&TransactionNumber=8698232&ResponseCode=002&Status=Accepted&PaymentMethodId=10&UrlRedirect=http%3A%2F%2Flocalhost%3A8001%2Fapi%2Fwebhook%2Fredpay%3Fid%3D8698232&AuthCode=123456&TransactionCode=432319c6-07d2-4&Email=jrodriguez%40redcompanies.com.mx [] []
[2025-06-23T19:31:28.010220+00:00] myAppLogger.INFO: Tipo de contenido del POST: application/x-www-form-urlencoded [] []
[2025-06-23T19:31:28.010346+00:00] myAppLogger.INFO: Procesando cuerpo como formulario URL-encoded. [] []
[2025-06-23T19:31:28.010477+00:00] myAppLogger.INFO: Carga útil normalizada del webhook: {"apikey":"446666a8-e629-4830-a4ff-4bf010c0b989","referencenumber":"c4096885-72e4-4501-b8dd-fcb76bd51643","currency":"MXN","amount":"2000","transactionnumber":"8698232","responsecode":"002","status":"Accepted","paymentmethodid":"10","urlredirect":"http:\/\/localhost:8001\/api\/webhook\/redpay?id=8698232","authcode":"123456","transactioncode":"432319c6-07d2-4","email":"jrodriguez@redcompanies.com.mx"} [] []
[2025-06-23T19:31:28.010594+00:00] myAppLogger.INFO: Datos normalizados de la API: null [] []
[2025-06-23T19:31:28.010721+00:00] myAppLogger.INFO: Número de transacción encontrado en la carga útil del webhook.8698232 [] []
[2025-06-23T19:31:28.010849+00:00] myAppLogger.INFO: Número de transacción determinado: 8698232 [] []
[2025-06-23T19:31:28.011142+00:00] myAppLogger.INFO: Creando registro de webhook: {"idTransaction":8698232,"logWebhook":{"apikey":"446666a8-e629-4830-a4ff-4bf010c0b989","referencenumber":"c4096885-72e4-4501-b8dd-fcb76bd51643","currency":"MXN","amount":"2000","transactionnumber":"8698232","responsecode":"002","status":"Accepted","paymentmethodid":"10","urlredirect":"http:\/\/localhost:8001\/api\/webhook\/redpay?id=8698232","authcode":"123456","transactioncode":"432319c6-07d2-4","email":"jrodriguez@redcompanies.com.mx"},"typeRequest":"POST","date":"2025-06-23 19:31:28","idWebhookLog":null} [] []
[2025-06-23T19:31:28.011998+00:00] myAppLogger.INFO: Result de creación.true [] []
[2025-06-23T19:32:11.900449+00:00] myAppLogger.INFO: Webhook recibido: Método: POST, URI: http://localhost:8001/api/webhook/redpay?id=8698232 [] []
[2025-06-23T19:32:11.901150+00:00] myAppLogger.INFO: Cuerpo del POST recibido: APIKey=446666a8-e629-4830-a4ff-4bf010c0b989&ReferenceNumber=c4096885-72e4-4501-b8dd-fcb76bd51643&Currency=MXN&Amount=2000&TransactionNumber=8698232&ResponseCode=002&Status=Accepted&PaymentMethodId=10&UrlRedirect=http%3A%2F%2Flocalhost%3A8001%2Fapi%2Fwebhook%2Fredpay%3Fid%3D8698232&AuthCode=123456&TransactionCode=432319c6-07d2-4&Email=jrodriguez%40redcompanies.com.mx [] []
[2025-06-23T19:32:11.901275+00:00] myAppLogger.INFO: Tipo de contenido del POST: application/x-www-form-urlencoded [] []
[2025-06-23T19:32:11.901386+00:00] myAppLogger.INFO: Procesando cuerpo como formulario URL-encoded. [] []
[2025-06-23T19:32:11.901515+00:00] myAppLogger.INFO: Carga útil normalizada del webhook: {"apikey":"446666a8-e629-4830-a4ff-4bf010c0b989","referencenumber":"c4096885-72e4-4501-b8dd-fcb76bd51643","currency":"MXN","amount":"2000","transactionnumber":"8698232","responsecode":"002","status":"Accepted","paymentmethodid":"10","urlredirect":"http:\/\/localhost:8001\/api\/webhook\/redpay?id=8698232","authcode":"123456","transactioncode":"432319c6-07d2-4","email":"jrodriguez@redcompanies.com.mx"} [] []
[2025-06-23T19:32:11.901625+00:00] myAppLogger.INFO: Datos normalizados de la API: null [] []
[2025-06-23T19:32:11.901918+00:00] myAppLogger.INFO: Número de transacción encontrado en la carga útil del webhook.8698232 [] []
[2025-06-23T19:32:11.902027+00:00] myAppLogger.INFO: Número de transacción determinado: 8698232 [] []
[2025-06-23T19:32:11.902221+00:00] myAppLogger.INFO: Creando registro de webhook: {"idTransaction":8698232,"logWebhook":{"apikey":"446666a8-e629-4830-a4ff-4bf010c0b989","referencenumber":"c4096885-72e4-4501-b8dd-fcb76bd51643","currency":"MXN","amount":"2000","transactionnumber":"8698232","responsecode":"002","status":"Accepted","paymentmethodid":"10","urlredirect":"http:\/\/localhost:8001\/api\/webhook\/redpay?id=8698232","authcode":"123456","transactioncode":"432319c6-07d2-4","email":"jrodriguez@redcompanies.com.mx"},"typeRequest":"POST","date":"2025-06-23 19:32:11","idWebhookLog":null} [] []
[2025-06-23T19:32:11.903313+00:00] myAppLogger.INFO: Result de creación.true [] []
[2025-06-23T19:34:41.220473+00:00] myAppLogger.INFO: Webhook recibido: Método: POST, URI: http://localhost:8001/api/webhook/redpay?id=8698232 [] []
[2025-06-23T19:34:41.221967+00:00] myAppLogger.INFO: Cuerpo del POST recibido: APIKey=446666a8-e629-4830-a4ff-4bf010c0b989&ReferenceNumber=c4096885-72e4-4501-b8dd-fcb76bd51643&Currency=MXN&Amount=2000&TransactionNumber=8698232&ResponseCode=002&Status=Accepted&PaymentMethodId=10&UrlRedirect=http%3A%2F%2Flocalhost%3A8001%2Fapi%2Fwebhook%2Fredpay%3Fid%3D8698232&AuthCode=123456&TransactionCode=432319c6-07d2-4&Email=jrodriguez%40redcompanies.com.mx [] []
[2025-06-23T19:34:41.222093+00:00] myAppLogger.INFO: Tipo de contenido del POST: application/x-www-form-urlencoded [] []
[2025-06-23T19:34:41.222319+00:00] myAppLogger.INFO: Procesando cuerpo como formulario URL-encoded. [] []
[2025-06-23T19:34:41.222455+00:00] myAppLogger.INFO: Carga útil normalizada del webhook: {"apikey":"446666a8-e629-4830-a4ff-4bf010c0b989","referencenumber":"c4096885-72e4-4501-b8dd-fcb76bd51643","currency":"MXN","amount":"2000","transactionnumber":"8698232","responsecode":"002","status":"Accepted","paymentmethodid":"10","urlredirect":"http:\/\/localhost:8001\/api\/webhook\/redpay?id=8698232","authcode":"123456","transactioncode":"432319c6-07d2-4","email":"jrodriguez@redcompanies.com.mx"} [] []
[2025-06-23T19:34:41.222630+00:00] myAppLogger.INFO: Datos normalizados de la API: null [] []
[2025-06-23T19:34:41.222741+00:00] myAppLogger.INFO: Número de transacción encontrado en la carga útil del webhook.8698232 [] []
[2025-06-23T19:34:41.222848+00:00] myAppLogger.INFO: Número de transacción determinado: 8698232 [] []
[2025-06-23T19:34:41.223297+00:00] myAppLogger.INFO: Creando registro de webhook: {"idTransaction":8698232,"logWebhook":{"apikey":"446666a8-e629-4830-a4ff-4bf010c0b989","referencenumber":"c4096885-72e4-4501-b8dd-fcb76bd51643","currency":"MXN","amount":"2000","transactionnumber":"8698232","responsecode":"002","status":"Accepted","paymentmethodid":"10","urlredirect":"http:\/\/localhost:8001\/api\/webhook\/redpay?id=8698232","authcode":"123456","transactioncode":"432319c6-07d2-4","email":"jrodriguez@redcompanies.com.mx"},"typeRequest":"POST","date":"2025-06-23 19:34:41","idWebhookLog":null} [] []
[2025-06-23T19:34:41.224145+00:00] myAppLogger.INFO: Result de creación.true [] []
[2025-06-23T19:35:46.395021+00:00] myAppLogger.INFO: Webhook recibido: Método: POST, URI: http://localhost:8001/api/webhook/redpay?id=8698232 [] []
[2025-06-23T19:35:46.395750+00:00] myAppLogger.INFO: Cuerpo del POST recibido: APIKey=446666a8-e629-4830-a4ff-4bf010c0b989&ReferenceNumber=c4096885-72e4-4501-b8dd-fcb76bd51643&Currency=MXN&Amount=2000&TransactionNumber=8698232&ResponseCode=002&Status=Accepted&PaymentMethodId=10&UrlRedirect=http%3A%2F%2Flocalhost%3A8001%2Fapi%2Fwebhook%2Fredpay%3Fid%3D8698232&AuthCode=123456&TransactionCode=432319c6-07d2-4&Email=jrodriguez%40redcompanies.com.mx [] []
[2025-06-23T19:35:46.395894+00:00] myAppLogger.INFO: Tipo de contenido del POST: application/x-www-form-urlencoded [] []
[2025-06-23T19:35:46.396005+00:00] myAppLogger.INFO: Procesando cuerpo como formulario URL-encoded. [] []
[2025-06-23T19:35:46.396133+00:00] myAppLogger.INFO: Carga útil normalizada del webhook: {"apikey":"446666a8-e629-4830-a4ff-4bf010c0b989","referencenumber":"c4096885-72e4-4501-b8dd-fcb76bd51643","currency":"MXN","amount":"2000","transactionnumber":"8698232","responsecode":"002","status":"Accepted","paymentmethodid":"10","urlredirect":"http:\/\/localhost:8001\/api\/webhook\/redpay?id=8698232","authcode":"123456","transactioncode":"432319c6-07d2-4","email":"jrodriguez@redcompanies.com.mx"} [] []
[2025-06-23T19:35:46.396255+00:00] myAppLogger.INFO: Datos normalizados de la API: null [] []
[2025-06-23T19:35:46.396376+00:00] myAppLogger.INFO: Número de transacción encontrado en la carga útil del webhook.8698232 [] []
[2025-06-23T19:35:46.396482+00:00] myAppLogger.INFO: Número de transacción determinado: 8698232 [] []
[2025-06-23T19:35:46.396708+00:00] myAppLogger.INFO: Creando registro de webhook: {"idTransaction":8698232,"logWebhook":{"apikey":"446666a8-e629-4830-a4ff-4bf010c0b989","referencenumber":"c4096885-72e4-4501-b8dd-fcb76bd51643","currency":"MXN","amount":"2000","transactionnumber":"8698232","responsecode":"002","status":"Accepted","paymentmethodid":"10","urlredirect":"http:\/\/localhost:8001\/api\/webhook\/redpay?id=8698232","authcode":"123456","transactioncode":"432319c6-07d2-4","email":"jrodriguez@redcompanies.com.mx"},"typeRequest":"POST","date":"2025-06-23 19:35:46","idWebhookLog":null} [] []
[2025-06-23T19:35:46.400059+00:00] myAppLogger.INFO: Result de creación.true [] []
